[2025-03-14 16:20:37,812] [] [PAYMEYNT-PROCESSING] [INFO] [o.apache.juli.logging.DirectJDKLog.log] - Initializing Spring DispatcherServlet 'dispatcherServlet'
[2025-03-14 16:20:37,812] [] [PAYMEYNT-PROCESSING] [INFO] [o.s.web.servlet.FrameworkServlet.initServletBean] - Initializing Servlet 'dispatcherServlet'
[2025-03-14 16:20:37,812] [] [PAYMEYNT-PROCESSING] [DEBUG] [o.s.web.servlet.DispatcherServlet.initMultipartResolver] - Detected StandardServletMultipartResolver
[2025-03-14 16:20:37,812] [] [PAYMEYNT-PROCESSING] [DEBUG] [o.s.web.servlet.DispatcherServlet.initLocaleResolver] - Detected AcceptHeaderLocaleResolver
[2025-03-14 16:20:37,812] [] [PAYMEYNT-PROCESSING] [DEBUG] [o.s.web.servlet.DispatcherServlet.initThemeResolver] - Detected FixedThemeResolver
[2025-03-14 16:20:37,812] [] [PAYMEYNT-PROCESSING] [DEBUG] [o.s.web.servlet.DispatcherServlet.initRequestToViewNameTranslator] - Detected org.springframework.web.servlet.view.DefaultRequestToViewNameTranslator@717df0aa
[2025-03-14 16:20:37,812] [] [PAYMEYNT-PROCESSING] [DEBUG] [o.s.web.servlet.DispatcherServlet.initFlashMapManager] - Detected org.springframework.web.servlet.support.SessionFlashMapManager@2495f0aa
[2025-03-14 16:20:37,812] [] [PAYMEYNT-PROCESSING] [DEBUG] [o.s.web.servlet.FrameworkServlet.initServletBean] - enableLoggingRequestDetails='false': request parameters and headers will be masked to prevent unsafe logging of potentially sensitive data
[2025-03-14 16:20:37,812] [] [PAYMEYNT-PROCESSING] [INFO] [o.s.web.servlet.FrameworkServlet.initServletBean] - Completed initialization in 0 ms
[2025-03-14 16:20:37,843] [] [PAYMEYNT-PROCESSING] [DEBUG] [o.s.core.log.LogFormatUtils.traceDebug] - GET "/payment-processing/payments/1.0.0/fetch-block-channel", parameters={}
[2025-03-14 16:20:37,843] [] [PAYMEYNT-PROCESSING] [DEBUG] [o.s.w.s.h.AbstractHandlerMapping.getHandler] - Mapped to com.chinmaya.code.payment.resource.PaymentController#fetchBlockChannel(String, String, String, String)
[2025-03-14 16:20:37,843] [] [PAYMEYNT-PROCESSING] [DEBUG] [o.s.o.j.s.OpenEntityManagerInViewInterceptor.preHandle] - Opening JPA EntityManager in OpenEntityManagerInViewInterceptor
[2025-03-14 16:20:37,875] [] [PAYMEYNT-PROCESSING] [DEBUG] [o.h.s.internal.StatisticsInitiator.initiateServiceInternal] - Statistics initialized [enabled=false]
[2025-03-14 16:20:37,906] [] [PAYMEYNT-PROCESSING] [WARN] [c.c.c.p.resource.PaymentController.fetchBlockChannel] - Start : Fetch Block Channel details
[2025-03-14 16:20:37,922] [] [PAYMEYNT-PROCESSING] [DEBUG] [i.g.r.c.c.CircuitBreakerAspect.getOrCreateCircuitBreaker] - Created or retrieved circuit breaker 'fallback' with failure rate '50.0' for method: 'com.chinmaya.code.payment.service.core.impl.PaymentServiceImpl#fetchBlockChannel'
[2025-03-14 16:20:37,937] [] [PAYMEYNT-PROCESSING] [DEBUG] [o.s.orm.jpa.JpaTransactionManager.doGetTransaction] - Found thread-bound EntityManager [SessionImpl(1396842931<open>)] for JPA transaction
[2025-03-14 16:20:37,937] [] [PAYMEYNT-PROCESSING] [DEBUG] [o.s.t.s.AbstractPlatformTransactionManager.getTransaction] - Creating new transaction with name [com.chinmaya.code.payment.service.core.impl.PaymentServiceImpl.fetchBlockChannel]: PROPAGATION_REQUIRED,ISOLATION_DEFAULT,-java.lang.Exception
[2025-03-14 16:20:37,944] [] [PAYMEYNT-PROCESSING] [DEBUG] [o.h.e.t.internal.TransactionImpl.<init>] - On TransactionImpl creation, JpaCompliance#isJpaTransactionComplianceEnabled == false
[2025-03-14 16:20:37,944] [] [PAYMEYNT-PROCESSING] [DEBUG] [o.h.e.t.internal.TransactionImpl.begin] - begin
[2025-03-14 16:20:37,944] [] [PAYMEYNT-PROCESSING] [DEBUG] [o.s.orm.jpa.JpaTransactionManager.doBegin] - Exposing JPA transaction as JDBC [org.springframework.orm.jpa.vendor.HibernateJpaDialect$HibernateConnectionHandle@625c88eb]
[2025-03-14 16:20:37,944] [] [PAYMEYNT-PROCESSING] [DEBUG] [c.c.c.p.s.c.impl.PaymentServiceImpl.fetchBlockChannel] - data before encryption :: {"requestType":"UserEnquiry","requestId":"1741949437945022081009","userId":"15022081009"}
[2025-03-14 16:20:37,953] [] [PAYMEYNT-PROCESSING] [DEBUG] [c.c.c.p.s.c.impl.PaymentServiceImpl.fetchBlockChannel] - data after encryption :: zgYjODbrl/f7eIeTrcleuBpcX0reDOFj/WhVO2JCsFPxHRTNdf/+qMbPlVRoQpJUFW5V61SIadadZ3Va22jLCXpVZ819Bv5qkXDDaD9BratmryEnF9OG6VirOPgI70Dg
[2025-03-14 16:20:37,984] [] [PAYMEYNT-PROCESSING] [DEBUG] [c.c.c.p.s.c.impl.PaymentServiceImpl.fetchBlockChannel] - generic Request :: GenericRequestFields(requestId=1741949437945022081009, data=zgYjODbrl/f7eIeTrcleuBpcX0reDOFj/WhVO2JCsFPxHRTNdf/+qMbPlVRoQpJUFW5V61SIadadZ3Va22jLCXpVZ819Bv5qkXDDaD9BratmryEnF9OG6VirOPgI70Dg)
[2025-03-14 16:20:37,984] [] [PAYMEYNT-PROCESSING] [DEBUG] [c.c.c.p.s.c.impl.PaymentServiceImpl.fetchBlockChannel] - Final request before service call :: GenericRequest(interfaceName=UserEnquiry, appId=APZRMB, userId=00000015022081009, requestObj=GenericRequestFields(requestId=1741949437945022081009, data=zgYjODbrl/f7eIeTrcleuBpcX0reDOFj/WhVO2JCsFPxHRTNdf/+qMbPlVRoQpJUFW5V61SIadadZ3Va22jLCXpVZ819Bv5qkXDDaD9BratmryEnF9OG6VirOPgI70Dg))
[2025-03-14 16:20:37,984] [] [PAYMEYNT-PROCESSING] [DEBUG] [c.c.u.i.service.InterfaceAdapter.callExternalService] - Start : interface adapter flow= GenericRequest(interfaceName=UserEnquiry, appId=APZRMB, userId=00000015022081009, requestObj=GenericRequestFields(requestId=1741949437945022081009, data=zgYjODbrl/f7eIeTrcleuBpcX0reDOFj/WhVO2JCsFPxHRTNdf/+qMbPlVRoQpJUFW5V61SIadadZ3Va22jLCXpVZ819Bv5qkXDDaD9BratmryEnF9OG6VirOPgI70Dg)), interfaceFileName=UserEnquiry, header=Header(userId=00000015022081009, appId=APZRMB, interfaceId=UserEnquiry, deviceId=APZabcd1234efgh5678RMB, masterTxnRefNo=12345678, deviceType=null)
[2025-03-14 16:20:58,311] [] [PAYMEYNT-PROCESSING] [DEBUG] [com.zaxxer.hikari.pool.HikariPool.logPoolState] - HikariPool-1 - Pool stats (total=10, active=1, idle=9, waiting=0)
[2025-03-14 16:20:58,311] [] [PAYMEYNT-PROCESSING] [DEBUG] [com.zaxxer.hikari.pool.HikariPool.fillPool] - HikariPool-1 - Fill pool skipped, pool has sufficient level or currently being filled.
[2025-03-14 17:03:36,101] [] [PAYMEYNT-PROCESSING] [WARN] [c.z.h.pool.HikariPool$HouseKeeper.run] - HikariPool-1 - Thread starvation or clock leap detected (housekeeper delta=42m37s779ms710µs400ns).
[2025-03-14 17:03:36,102] [] [PAYMEYNT-PROCESSING] [DEBUG] [com.zaxxer.hikari.pool.HikariPool.logPoolState] - HikariPool-1 - Pool stats (total=10, active=1, idle=9, waiting=0)
[2025-03-14 17:03:36,102] [] [PAYMEYNT-PROCESSING] [DEBUG] [com.zaxxer.hikari.pool.HikariPool.fillPool] - HikariPool-1 - Fill pool skipped, pool has sufficient level or currently being filled.
[2025-03-14 17:03:36,117] [] [PAYMEYNT-PROCESSING] [DEBUG] [com.zaxxer.hikari.pool.PoolBase.quietlyCloseConnection] - HikariPool-1 - Closing connection org.postgresql.jdbc.PgConnection@16a57c7: (connection has passed maxLifetime)
[2025-03-14 17:03:36,123] [] [PAYMEYNT-PROCESSING] [DEBUG] [com.zaxxer.hikari.pool.PoolBase.quietlyCloseConnection] - HikariPool-1 - Closing connection org.postgresql.jdbc.PgConnection@50b521f1: (connection has passed maxLifetime)
[2025-03-14 17:03:36,124] [] [PAYMEYNT-PROCESSING] [DEBUG] [com.zaxxer.hikari.pool.PoolBase.quietlyCloseConnection] - HikariPool-1 - Closing connection org.postgresql.jdbc.PgConnection@4c28fdf9: (connection has passed maxLifetime)
[2025-03-14 17:03:36,124] [] [PAYMEYNT-PROCESSING] [DEBUG] [com.zaxxer.hikari.pool.PoolBase.quietlyCloseConnection] - HikariPool-1 - Closing connection org.postgresql.jdbc.PgConnection@192bb082: (connection has passed maxLifetime)
[2025-03-14 17:03:36,127] [] [PAYMEYNT-PROCESSING] [DEBUG] [com.zaxxer.hikari.pool.PoolBase.quietlyCloseConnection] - HikariPool-1 - Closing connection org.postgresql.jdbc.PgConnection@57a1fa7b: (connection has passed maxLifetime)
[2025-03-14 17:03:36,127] [] [PAYMEYNT-PROCESSING] [DEBUG] [com.zaxxer.hikari.pool.PoolBase.quietlyCloseConnection] - HikariPool-1 - Closing connection org.postgresql.jdbc.PgConnection@c9c48f6: (connection has passed maxLifetime)
[2025-03-14 17:03:36,128] [] [PAYMEYNT-PROCESSING] [DEBUG] [com.zaxxer.hikari.pool.PoolBase.quietlyCloseConnection] - HikariPool-1 - Closing connection org.postgresql.jdbc.PgConnection@2849be79: (connection has passed maxLifetime)
[2025-03-14 17:03:36,128] [] [PAYMEYNT-PROCESSING] [DEBUG] [com.zaxxer.hikari.pool.PoolBase.quietlyCloseConnection] - HikariPool-1 - Closing connection org.postgresql.jdbc.PgConnection@6027ef5e: (connection has passed maxLifetime)
[2025-03-14 17:03:36,130] [] [PAYMEYNT-PROCESSING] [DEBUG] [com.zaxxer.hikari.pool.PoolBase.quietlyCloseConnection] - HikariPool-1 - Closing connection org.postgresql.jdbc.PgConnection@636f740: (connection has passed maxLifetime)
[2025-03-14 17:03:36,230] [] [PAYMEYNT-PROCESSING] [DEBUG] [c.z.h.p.HikariPool$PoolEntryCreator.call] - HikariPool-1 - Added connection org.postgresql.jdbc.PgConnection@66655b13
[2025-03-14 17:03:36,274] [] [PAYMEYNT-PROCESSING] [DEBUG] [com.zaxxer.hikari.pool.HikariPool.logPoolState] - HikariPool-1 - Connection not added, stats (total=2, active=1, idle=1, waiting=0)
[2025-03-14 17:03:36,120] [] [PAYMEYNT-PROCESSING] [ERROR] [c.c.u.i.service.InterfaceAdapter.callExternalService] - Error occurred while calling the service, error = 
java.lang.NullPointerException: Cannot invoke "java.util.Map.get(Object)" because "com.chinmaya.utils.utils.CommonUtils.externalProperties" is null
	at com.chinmaya.utils.utils.CommonUtils.getExternalProperties(CommonUtils.java:255)
	at com.chinmaya.utils.interfaceAdapter.utils.ParserUtils.readInterfaceJSONFileContentFromServer(ParserUtils.java:81)
	at com.chinmaya.utils.interfaceAdapter.service.InterfaceAdapter.callExternalService(InterfaceAdapter.java:216)
	at com.chinmaya.code.payment.service.core.impl.PaymentServiceImpl.getMonoResponse(PaymentServiceImpl.java:134)
	at com.chinmaya.code.payment.service.core.impl.PaymentServiceImpl.fetchBlockChannel(PaymentServiceImpl.java:124)
	at java.base/jdk.internal.reflect.NativeMethodAccessorImpl.invoke0(Native Method)
	at java.base/jdk.internal.reflect.NativeMethodAccessorImpl.invoke(NativeMethodAccessorImpl.java:77)
	at java.base/jdk.internal.reflect.DelegatingMethodAccessorImpl.invoke(DelegatingMethodAccessorImpl.java:43)
	at java.base/java.lang.reflect.Method.invoke(Method.java:568)
	at org.springframework.aop.support.AopUtils.invokeJoinpointUsingReflection(AopUtils.java:355)
	at org.springframework.aop.framework.ReflectiveMethodInvocation.invokeJoinpoint(ReflectiveMethodInvocation.java:196)
	at org.springframework.aop.framework.ReflectiveMethodInvocation.proceed(ReflectiveMethodInvocation.java:163)
	at org.springframework.aop.framework.CglibAopProxy$CglibMethodInvocation.proceed(CglibAopProxy.java:768)
	at org.springframework.transaction.interceptor.TransactionAspectSupport.invokeWithinTransaction(TransactionAspectSupport.java:379)
	at org.springframework.transaction.interceptor.TransactionInterceptor.invoke(TransactionInterceptor.java:119)
	at org.springframework.aop.framework.ReflectiveMethodInvocation.proceed(ReflectiveMethodInvocation.java:184)
	at org.springframework.aop.framework.CglibAopProxy$CglibMethodInvocation.proceed(CglibAopProxy.java:768)
	at org.springframework.aop.aspectj.MethodInvocationProceedingJoinPoint.proceed(MethodInvocationProceedingJoinPoint.java:89)
	at io.github.resilience4j.circuitbreaker.CircuitBreaker.lambda$decorateCheckedSupplier$0(CircuitBreaker.java:71)
	at io.github.resilience4j.circuitbreaker.CircuitBreaker.executeCheckedSupplier(CircuitBreaker.java:739)
	at io.github.resilience4j.circuitbreaker.configure.CircuitBreakerAspect.defaultHandling(CircuitBreakerAspect.java:179)
	at io.github.resilience4j.circuitbreaker.configure.CircuitBreakerAspect.proceed(CircuitBreakerAspect.java:126)
	at io.github.resilience4j.circuitbreaker.configure.CircuitBreakerAspect.lambda$circuitBreakerAroundAdvice$0(CircuitBreakerAspect.java:108)
	at io.github.resilience4j.fallback.DefaultFallbackDecorator.lambda$decorate$0(DefaultFallbackDecorator.java:36)
	at io.github.resilience4j.fallback.FallbackExecutor.execute(FallbackExecutor.java:39)
	at io.github.resilience4j.circuitbreaker.configure.CircuitBreakerAspect.circuitBreakerAroundAdvice(CircuitBreakerAspect.java:109)
	at java.base/jdk.internal.reflect.NativeMethodAccessorImpl.invoke0(Native Method)
	at java.base/jdk.internal.reflect.NativeMethodAccessorImpl.invoke(NativeMethodAccessorImpl.java:77)
	at java.base/jdk.internal.reflect.DelegatingMethodAccessorImpl.invoke(DelegatingMethodAccessorImpl.java:43)
	at java.base/java.lang.reflect.Method.invoke(Method.java:568)
	at org.springframework.aop.aspectj.AbstractAspectJAdvice.invokeAdviceMethodWithGivenArgs(AbstractAspectJAdvice.java:637)
	at org.springframework.aop.aspectj.AbstractAspectJAdvice.invokeAdviceMethod(AbstractAspectJAdvice.java:627)
	at org.springframework.aop.aspectj.AspectJAroundAdvice.invoke(AspectJAroundAdvice.java:71)
	at org.springframework.aop.framework.ReflectiveMethodInvocation.proceed(ReflectiveMethodInvocation.java:173)
	at org.springframework.aop.framework.CglibAopProxy$CglibMethodInvocation.proceed(CglibAopProxy.java:768)
	at org.springframework.aop.interceptor.ExposeInvocationInterceptor.invoke(ExposeInvocationInterceptor.java:97)
	at org.springframework.aop.framework.ReflectiveMethodInvocation.proceed(ReflectiveMethodInvocation.java:184)
	at org.springframework.aop.framework.CglibAopProxy$CglibMethodInvocation.proceed(CglibAopProxy.java:768)
	at org.springframework.aop.framework.CglibAopProxy$DynamicAdvisedInterceptor.intercept(CglibAopProxy.java:720)
	at com.chinmaya.code.payment.service.core.impl.PaymentServiceImpl$$SpringCGLIB$$0.fetchBlockChannel(<generated>)
	at com.chinmaya.code.payment.resource.PaymentController.fetchBlockChannel(PaymentController.java:58)
	at java.base/jdk.internal.reflect.NativeMethodAccessorImpl.invoke0(Native Method)
	at java.base/jdk.internal.reflect.NativeMethodAccessorImpl.invoke(NativeMethodAccessorImpl.java:77)
	at java.base/jdk.internal.reflect.DelegatingMethodAccessorImpl.invoke(DelegatingMethodAccessorImpl.java:43)
	at java.base/java.lang.reflect.Method.invoke(Method.java:568)
	at org.springframework.web.method.support.InvocableHandlerMethod.doInvoke(InvocableHandlerMethod.java:255)
	at org.springframework.web.method.support.InvocableHandlerMethod.invokeForRequest(InvocableHandlerMethod.java:188)
	at org.springframework.web.servlet.mvc.method.annotation.ServletInvocableHandlerMethod.invokeAndHandle(ServletInvocableHandlerMethod.java:118)
	at org.springframework.web.servlet.mvc.method.annotation.RequestMappingHandlerAdapter.invokeHandlerMethod(RequestMappingHandlerAdapter.java:926)
	at org.springframework.web.servlet.mvc.method.annotation.RequestMappingHandlerAdapter.handleInternal(RequestMappingHandlerAdapter.java:831)
	at org.springframework.web.servlet.mvc.method.AbstractHandlerMethodAdapter.handle(AbstractHandlerMethodAdapter.java:87)
	at org.springframework.web.servlet.DispatcherServlet.doDispatch(DispatcherServlet.java:1089)
	at org.springframework.web.servlet.DispatcherServlet.doService(DispatcherServlet.java:979)
	at org.springframework.web.servlet.FrameworkServlet.processRequest(FrameworkServlet.java:1014)
	at org.springframework.web.servlet.FrameworkServlet.doGet(FrameworkServlet.java:903)
	at jakarta.servlet.http.HttpServlet.service(HttpServlet.java:564)
	at org.springframework.web.servlet.FrameworkServlet.service(FrameworkServlet.java:885)
	at jakarta.servlet.http.HttpServlet.service(HttpServlet.java:658)
	at org.apache.catalina.core.ApplicationFilterChain.internalDoFilter(ApplicationFilterChain.java:195)
	at org.apache.catalina.core.ApplicationFilterChain.doFilter(ApplicationFilterChain.java:140)
	at org.apache.tomcat.websocket.server.WsFilter.doFilter(WsFilter.java:51)
	at org.apache.catalina.core.ApplicationFilterChain.internalDoFilter(ApplicationFilterChain.java:164)
	at org.apache.catalina.core.ApplicationFilterChain.doFilter(ApplicationFilterChain.java:140)
	at org.springframework.web.filter.RequestContextFilter.doFilterInternal(RequestContextFilter.java:100)
	at org.springframework.web.filter.OncePerRequestFilter.doFilter(OncePerRequestFilter.java:116)
	at org.apache.catalina.core.ApplicationFilterChain.internalDoFilter(ApplicationFilterChain.java:164)
	at org.apache.catalina.core.ApplicationFilterChain.doFilter(ApplicationFilterChain.java:140)
	at org.springframework.web.filter.FormContentFilter.doFilterInternal(FormContentFilter.java:93)
	at org.springframework.web.filter.OncePerRequestFilter.doFilter(OncePerRequestFilter.java:116)
	at org.apache.catalina.core.ApplicationFilterChain.internalDoFilter(ApplicationFilterChain.java:164)
	at org.apache.catalina.core.ApplicationFilterChain.doFilter(ApplicationFilterChain.java:140)
	at org.springframework.web.filter.ServerHttpObservationFilter.doFilterInternal(ServerHttpObservationFilter.java:113)
	at org.springframework.web.filter.OncePerRequestFilter.doFilter(OncePerRequestFilter.java:116)
	at org.apache.catalina.core.ApplicationFilterChain.internalDoFilter(ApplicationFilterChain.java:164)
	at org.apache.catalina.core.ApplicationFilterChain.doFilter(ApplicationFilterChain.java:140)
	at org.springframework.web.filter.CharacterEncodingFilter.doFilterInternal(CharacterEncodingFilter.java:201)
	at org.springframework.web.filter.OncePerRequestFilter.doFilter(OncePerRequestFilter.java:116)
	at org.apache.catalina.core.ApplicationFilterChain.internalDoFilter(ApplicationFilterChain.java:164)
	at org.apache.catalina.core.ApplicationFilterChain.doFilter(ApplicationFilterChain.java:140)
	at org.apache.catalina.core.StandardWrapperValve.invoke(StandardWrapperValve.java:167)
	at org.apache.catalina.core.StandardContextValve.invoke(StandardContextValve.java:90)
	at org.apache.catalina.authenticator.AuthenticatorBase.invoke(AuthenticatorBase.java:483)
	at org.apache.catalina.core.StandardHostValve.invoke(StandardHostValve.java:115)
	at org.apache.catalina.valves.ErrorReportValve.invoke(ErrorReportValve.java:93)
	at org.apache.catalina.core.StandardEngineValve.invoke(StandardEngineValve.java:74)
	at org.apache.catalina.connector.CoyoteAdapter.service(CoyoteAdapter.java:344)
	at org.apache.coyote.http11.Http11Processor.service(Http11Processor.java:384)
	at org.apache.coyote.AbstractProcessorLight.process(AbstractProcessorLight.java:63)
	at org.apache.coyote.AbstractProtocol$ConnectionHandler.process(AbstractProtocol.java:904)
	at org.apache.tomcat.util.net.NioEndpoint$SocketProcessor.doRun(NioEndpoint.java:1741)
	at org.apache.tomcat.util.net.SocketProcessorBase.run(SocketProcessorBase.java:52)
	at org.apache.tomcat.util.threads.ThreadPoolExecutor.runWorker(ThreadPoolExecutor.java:1190)
	at org.apache.tomcat.util.threads.ThreadPoolExecutor$Worker.run(ThreadPoolExecutor.java:659)
	at org.apache.tomcat.util.threads.TaskThread$WrappingRunnable.run(TaskThread.java:63)
	at java.base/java.lang.Thread.run(Thread.java:833)
[2025-03-14 17:03:36,331] [] [PAYMEYNT-PROCESSING] [DEBUG] [c.c.u.i.utils.AdapterUtil.setErrorMono] - Start : setError
[2025-03-14 17:03:36,335] [] [PAYMEYNT-PROCESSING] [DEBUG] [c.c.u.i.utils.AdapterUtil.setErrorMono] - End : setError{"errorMessage":"Request/Response parameters are missing.","errorCode":"5","responseObj":""}
[2025-03-14 17:03:36,339] [] [PAYMEYNT-PROCESSING] [DEBUG] [c.c.u.i.utils.AdapterUtil.generateRespWrapper] - End : generateRespWrapper Wrapper :: MonoJust
[2025-03-14 17:03:36,341] [] [PAYMEYNT-PROCESSING] [DEBUG] [o.s.t.s.AbstractPlatformTransactionManager.processCommit] - Initiating transaction commit
[2025-03-14 17:03:36,342] [] [PAYMEYNT-PROCESSING] [DEBUG] [o.s.orm.jpa.JpaTransactionManager.doCommit] - Committing JPA transaction on EntityManager [SessionImpl(1396842931<open>)]
[2025-03-14 17:03:36,342] [] [PAYMEYNT-PROCESSING] [DEBUG] [o.h.e.t.internal.TransactionImpl.commit] - committing
[2025-03-14 17:03:36,344] [] [PAYMEYNT-PROCESSING] [DEBUG] [o.s.orm.jpa.JpaTransactionManager.doCleanupAfterCompletion] - Not closing pre-bound JPA EntityManager after transaction
[2025-03-14 17:03:36,344] [] [PAYMEYNT-PROCESSING] [DEBUG] [i.g.r.c.i.CircuitBreakerStateMachine.onSuccess] - CircuitBreaker 'fallback' succeeded:
[2025-03-14 17:03:36,345] [] [PAYMEYNT-PROCESSING] [DEBUG] [i.g.r.c.i.CircuitBreakerStateMachine.publishEvent] - Event SUCCESS published: 2025-03-14T17:03:36.344556700+05:30[Asia/Calcutta]: CircuitBreaker 'fallback' recorded a successful call. Elapsed time: 2578405 ms
[2025-03-14 17:03:36,364] [] [PAYMEYNT-PROCESSING] [DEBUG] [c.c.u.i.utils.AdapterUtil.getResponseMapper] - Response from API::{"errorMessage":"Request/Response parameters are missing.","errorCode":"5","responseObj":""}
[2025-03-14 17:03:36,365] [] [PAYMEYNT-PROCESSING] [ERROR] [c.c.u.i.utils.AdapterUtil.getResponseMapper] - Exception Occured::
java.lang.NullPointerException: Cannot invoke "com.chinmaya.utils.interfaceAdapter.utils.ParserUtils.readInterfaceJSONFileContentFromServer(String)" because "this.parserUtils" is null
	at com.chinmaya.utils.interfaceAdapter.utils.AdapterUtil.getResponseMapper(AdapterUtil.java:148)
	at com.chinmaya.utils.interfaceAdapter.utils.AdapterUtil.lambda$generateRespWrapper$1(AdapterUtil.java:119)
	at reactor.core.publisher.FluxMapFuseable$MapFuseableSubscriber.onNext(FluxMapFuseable.java:113)
	at reactor.core.publisher.Operators$ScalarSubscription.request(Operators.java:2571)
	at reactor.core.publisher.FluxMapFuseable$MapFuseableSubscriber.request(FluxMapFuseable.java:171)
	at reactor.core.publisher.MonoFlatMap$FlatMapMain.request(MonoFlatMap.java:194)
	at reactor.core.publisher.MonoFlatMap$FlatMapMain.request(MonoFlatMap.java:194)
	at reactor.core.publisher.FluxContextWrite$ContextWriteSubscriber.request(FluxContextWrite.java:136)
	at reactor.core.publisher.StrictSubscriber.onSubscribe(StrictSubscriber.java:77)
	at reactor.core.publisher.FluxContextWrite$ContextWriteSubscriber.onSubscribe(FluxContextWrite.java:101)
	at reactor.core.publisher.MonoFlatMap$FlatMapMain.onSubscribe(MonoFlatMap.java:117)
	at reactor.core.publisher.MonoFlatMap$FlatMapMain.onSubscribe(MonoFlatMap.java:117)
	at reactor.core.publisher.FluxMapFuseable$MapFuseableSubscriber.onSubscribe(FluxMapFuseable.java:96)
	at reactor.core.publisher.MonoJust.subscribe(MonoJust.java:55)
	at reactor.core.publisher.Mono.subscribe(Mono.java:4576)
	at org.springframework.web.servlet.mvc.method.annotation.ReactiveTypeHandler$DeferredResultSubscriber.connect(ReactiveTypeHandler.java:466)
	at org.springframework.web.servlet.mvc.method.annotation.ReactiveTypeHandler.handleValue(ReactiveTypeHandler.java:163)
	at org.springframework.web.servlet.mvc.method.annotation.ResponseBodyEmitterReturnValueHandler.handleReturnValue(ResponseBodyEmitterReturnValueHandler.java:154)
	at org.springframework.web.method.support.HandlerMethodReturnValueHandlerComposite.handleReturnValue(HandlerMethodReturnValueHandlerComposite.java:78)
	at org.springframework.web.servlet.mvc.method.annotation.ServletInvocableHandlerMethod.invokeAndHandle(ServletInvocableHandlerMethod.java:136)
	at org.springframework.web.servlet.mvc.method.annotation.RequestMappingHandlerAdapter.invokeHandlerMethod(RequestMappingHandlerAdapter.java:926)
	at org.springframework.web.servlet.mvc.method.annotation.RequestMappingHandlerAdapter.handleInternal(RequestMappingHandlerAdapter.java:831)
	at org.springframework.web.servlet.mvc.method.AbstractHandlerMethodAdapter.handle(AbstractHandlerMethodAdapter.java:87)
	at org.springframework.web.servlet.DispatcherServlet.doDispatch(DispatcherServlet.java:1089)
	at org.springframework.web.servlet.DispatcherServlet.doService(DispatcherServlet.java:979)
	at org.springframework.web.servlet.FrameworkServlet.processRequest(FrameworkServlet.java:1014)
	at org.springframework.web.servlet.FrameworkServlet.doGet(FrameworkServlet.java:903)
	at jakarta.servlet.http.HttpServlet.service(HttpServlet.java:564)
	at org.springframework.web.servlet.FrameworkServlet.service(FrameworkServlet.java:885)
	at jakarta.servlet.http.HttpServlet.service(HttpServlet.java:658)
	at org.apache.catalina.core.ApplicationFilterChain.internalDoFilter(ApplicationFilterChain.java:195)
	at org.apache.catalina.core.ApplicationFilterChain.doFilter(ApplicationFilterChain.java:140)
	at org.apache.tomcat.websocket.server.WsFilter.doFilter(WsFilter.java:51)
	at org.apache.catalina.core.ApplicationFilterChain.internalDoFilter(ApplicationFilterChain.java:164)
	at org.apache.catalina.core.ApplicationFilterChain.doFilter(ApplicationFilterChain.java:140)
	at org.springframework.web.filter.RequestContextFilter.doFilterInternal(RequestContextFilter.java:100)
	at org.springframework.web.filter.OncePerRequestFilter.doFilter(OncePerRequestFilter.java:116)
	at org.apache.catalina.core.ApplicationFilterChain.internalDoFilter(ApplicationFilterChain.java:164)
	at org.apache.catalina.core.ApplicationFilterChain.doFilter(ApplicationFilterChain.java:140)
	at org.springframework.web.filter.FormContentFilter.doFilterInternal(FormContentFilter.java:93)
	at org.springframework.web.filter.OncePerRequestFilter.doFilter(OncePerRequestFilter.java:116)
	at org.apache.catalina.core.ApplicationFilterChain.internalDoFilter(ApplicationFilterChain.java:164)
	at org.apache.catalina.core.ApplicationFilterChain.doFilter(ApplicationFilterChain.java:140)
	at org.springframework.web.filter.ServerHttpObservationFilter.doFilterInternal(ServerHttpObservationFilter.java:113)
	at org.springframework.web.filter.OncePerRequestFilter.doFilter(OncePerRequestFilter.java:116)
	at org.apache.catalina.core.ApplicationFilterChain.internalDoFilter(ApplicationFilterChain.java:164)
	at org.apache.catalina.core.ApplicationFilterChain.doFilter(ApplicationFilterChain.java:140)
	at org.springframework.web.filter.CharacterEncodingFilter.doFilterInternal(CharacterEncodingFilter.java:201)
	at org.springframework.web.filter.OncePerRequestFilter.doFilter(OncePerRequestFilter.java:116)
	at org.apache.catalina.core.ApplicationFilterChain.internalDoFilter(ApplicationFilterChain.java:164)
	at org.apache.catalina.core.ApplicationFilterChain.doFilter(ApplicationFilterChain.java:140)
	at org.apache.catalina.core.StandardWrapperValve.invoke(StandardWrapperValve.java:167)
	at org.apache.catalina.core.StandardContextValve.invoke(StandardContextValve.java:90)
	at org.apache.catalina.authenticator.AuthenticatorBase.invoke(AuthenticatorBase.java:483)
	at org.apache.catalina.core.StandardHostValve.invoke(StandardHostValve.java:115)
	at org.apache.catalina.valves.ErrorReportValve.invoke(ErrorReportValve.java:93)
	at org.apache.catalina.core.StandardEngineValve.invoke(StandardEngineValve.java:74)
	at org.apache.catalina.connector.CoyoteAdapter.service(CoyoteAdapter.java:344)
	at org.apache.coyote.http11.Http11Processor.service(Http11Processor.java:384)
	at org.apache.coyote.AbstractProcessorLight.process(AbstractProcessorLight.java:63)
	at org.apache.coyote.AbstractProtocol$ConnectionHandler.process(AbstractProtocol.java:904)
	at org.apache.tomcat.util.net.NioEndpoint$SocketProcessor.doRun(NioEndpoint.java:1741)
	at org.apache.tomcat.util.net.SocketProcessorBase.run(SocketProcessorBase.java:52)
	at org.apache.tomcat.util.threads.ThreadPoolExecutor.runWorker(ThreadPoolExecutor.java:1190)
	at org.apache.tomcat.util.threads.ThreadPoolExecutor$Worker.run(ThreadPoolExecutor.java:659)
	at org.apache.tomcat.util.threads.TaskThread$WrappingRunnable.run(TaskThread.java:63)
	at java.base/java.lang.Thread.run(Thread.java:833)
[2025-03-14 17:03:36,374] [] [PAYMEYNT-PROCESSING] [DEBUG] [o.s.w.c.r.async.WebAsyncManager.startAsyncProcessing] - Started async request for "/payment-processing/payments/1.0.0/fetch-block-channel"
[2025-03-14 17:03:36,378] [] [PAYMEYNT-PROCESSING] [DEBUG] [o.s.w.c.r.async.WebAsyncManager.setConcurrentResultAndDispatch] - Async result set to: <200 OK OK,ResponseWrapper(apiResponse=Response(responseHeader=ResponseHeader(responseCode=1, errorCode=null, responseMessage=Oops! Something went wrong. Please try again., httpStatus=200 OK, errorMessage=null), responseBody=null)),[]> for "/payment-processing/payments/1.0.0/fetch-block-channel"
[2025-03-14 17:03:36,379] [] [PAYMEYNT-PROCESSING] [DEBUG] [o.s.w.c.r.async.WebAsyncManager.setConcurrentResultAndDispatch] - Performing async dispatch for "/payment-processing/payments/1.0.0/fetch-block-channel"
[2025-03-14 17:03:36,381] [] [PAYMEYNT-PROCESSING] [DEBUG] [o.s.web.servlet.FrameworkServlet.logResult] - Exiting but response remains open for further handling
[2025-03-14 17:03:36,386] [] [PAYMEYNT-PROCESSING] [DEBUG] [o.s.core.log.LogFormatUtils.traceDebug] - "ASYNC" dispatch for GET "/payment-processing/payments/1.0.0/fetch-block-channel", parameters={}
[2025-03-14 17:03:36,388] [] [PAYMEYNT-PROCESSING] [DEBUG] [o.s.core.log.LogFormatUtils.traceDebug] - Resume with async result [<200 OK OK,ResponseWrapper(apiResponse=Response(responseHeader=ResponseHeader(responseCode=1, errorC (truncated)...]
[2025-03-14 17:03:36,392] [] [PAYMEYNT-PROCESSING] [DEBUG] [o.s.w.s.m.m.a.AbstractMessageConverterMethodProcessor.writeWithMessageConverters] - Using 'application/json', given [application/json] and supported [application/json]
[2025-03-14 17:03:36,395] [] [PAYMEYNT-PROCESSING] [DEBUG] [o.s.core.log.LogFormatUtils.traceDebug] - Writing [ResponseWrapper(apiResponse=Response(responseHeader=ResponseHeader(responseCode=1, errorCode=null, r (truncated)...]
[2025-03-14 17:03:36,410] [] [PAYMEYNT-PROCESSING] [DEBUG] [o.s.o.j.s.OpenEntityManagerInViewInterceptor.afterCompletion] - Closing JPA EntityManager in OpenEntityManagerInViewInterceptor
[2025-03-14 17:03:36,412] [] [PAYMEYNT-PROCESSING] [DEBUG] [o.s.web.servlet.FrameworkServlet.logResult] - Exiting from "ASYNC" dispatch, status 200
[2025-03-14 17:03:36,431] [] [PAYMEYNT-PROCESSING] [DEBUG] [c.z.h.p.HikariPool$PoolEntryCreator.call] - HikariPool-1 - Added connection org.postgresql.jdbc.PgConnection@27585128
[2025-03-14 17:03:36,476] [] [PAYMEYNT-PROCESSING] [DEBUG] [com.zaxxer.hikari.pool.HikariPool.logPoolState] - HikariPool-1 - Connection not added, stats (total=3, active=0, idle=3, waiting=0)
[2025-03-14 17:03:36,634] [] [PAYMEYNT-PROCESSING] [DEBUG] [c.z.h.p.HikariPool$PoolEntryCreator.call] - HikariPool-1 - Added connection org.postgresql.jdbc.PgConnection@16b5d12c
[2025-03-14 17:03:36,677] [] [PAYMEYNT-PROCESSING] [DEBUG] [com.zaxxer.hikari.pool.HikariPool.logPoolState] - HikariPool-1 - Connection not added, stats (total=4, active=0, idle=4, waiting=0)
[2025-03-14 17:03:36,723] [] [PAYMEYNT-PROCESSING] [DEBUG] [c.z.h.p.HikariPool$PoolEntryCreator.call] - HikariPool-1 - Added connection org.postgresql.jdbc.PgConnection@4777ae67
[2025-03-14 17:03:36,755] [] [PAYMEYNT-PROCESSING] [DEBUG] [com.zaxxer.hikari.pool.HikariPool.logPoolState] - HikariPool-1 - Connection not added, stats (total=5, active=0, idle=5, waiting=0)
[2025-03-14 17:03:36,798] [] [PAYMEYNT-PROCESSING] [DEBUG] [c.z.h.p.HikariPool$PoolEntryCreator.call] - HikariPool-1 - Added connection org.postgresql.jdbc.PgConnection@6dc939
[2025-03-14 17:03:36,835] [] [PAYMEYNT-PROCESSING] [DEBUG] [com.zaxxer.hikari.pool.HikariPool.logPoolState] - HikariPool-1 - Connection not added, stats (total=6, active=0, idle=6, waiting=0)
[2025-03-14 17:03:36,878] [] [PAYMEYNT-PROCESSING] [DEBUG] [c.z.h.p.HikariPool$PoolEntryCreator.call] - HikariPool-1 - Added connection org.postgresql.jdbc.PgConnection@5ff541eb
[2025-03-14 17:03:36,913] [] [PAYMEYNT-PROCESSING] [DEBUG] [com.zaxxer.hikari.pool.HikariPool.logPoolState] - HikariPool-1 - Connection not added, stats (total=7, active=0, idle=7, waiting=0)
[2025-03-14 17:03:36,949] [] [PAYMEYNT-PROCESSING] [DEBUG] [c.z.h.p.HikariPool$PoolEntryCreator.call] - HikariPool-1 - Added connection org.postgresql.jdbc.PgConnection@51abccc7
[2025-03-14 17:03:36,992] [] [PAYMEYNT-PROCESSING] [DEBUG] [com.zaxxer.hikari.pool.HikariPool.logPoolState] - HikariPool-1 - Connection not added, stats (total=8, active=0, idle=8, waiting=0)
[2025-03-14 17:03:37,029] [] [PAYMEYNT-PROCESSING] [DEBUG] [c.z.h.p.HikariPool$PoolEntryCreator.call] - HikariPool-1 - Added connection org.postgresql.jdbc.PgConnection@6ec6dcdf
[2025-03-14 17:03:37,070] [] [PAYMEYNT-PROCESSING] [DEBUG] [com.zaxxer.hikari.pool.HikariPool.logPoolState] - HikariPool-1 - Connection not added, stats (total=9, active=0, idle=9, waiting=0)
[2025-03-14 17:03:37,113] [] [PAYMEYNT-PROCESSING] [DEBUG] [c.z.h.p.HikariPool$PoolEntryCreator.call] - HikariPool-1 - Added connection org.postgresql.jdbc.PgConnection@399d99e4
[2025-03-14 17:03:37,147] [] [PAYMEYNT-PROCESSING] [DEBUG] [com.zaxxer.hikari.pool.HikariPool.logPoolState] - HikariPool-1 - Connection not added, stats (total=10, active=0, idle=10, waiting=0)
[2025-03-14 17:03:37,147] [] [PAYMEYNT-PROCESSING] [DEBUG] [com.zaxxer.hikari.pool.HikariPool.logPoolState] - HikariPool-1 - Connection not added, stats (total=10, active=0, idle=10, waiting=0)
[2025-03-14 17:03:37,148] [] [PAYMEYNT-PROCESSING] [DEBUG] [com.zaxxer.hikari.pool.HikariPool.logPoolState] - HikariPool-1 - Connection not added, stats (total=10, active=0, idle=10, waiting=0)
